2025-10-20T21:51:22.098-04:00  INFO 90238 --- [nobsv2] [main] com.example.nobsv2.Nobsv2Application     : Starting Nobsv2Application using Java 21.0.4 with PID 90238 (/Users/ilgertshehaj/Desktop/GitHub/nobsv2/target/classes started by ilgertshehaj in /Users/ilgertshehaj/Desktop/GitHub/nobsv2)
2025-10-20T21:51:22.099-04:00  INFO 90238 --- [nobsv2] [main] com.example.nobsv2.Nobsv2Application     : No active profile set, falling back to 1 default profile: "default"
2025-10-20T21:51:22.431-04:00  INFO 90238 --- [nobsv2] [main] .s.d.r.c.RepositoryConfigurationDelegate : Bootstrapping Spring Data JPA repositories in DEFAULT mode.
2025-10-20T21:51:22.453-04:00  INFO 90238 --- [nobsv2] [main] .s.d.r.c.RepositoryConfigurationDelegate : Finished Spring Data repository scanning in 18 ms. Found 3 JPA repository interfaces.
2025-10-20T21:51:22.727-04:00  INFO 90238 --- [nobsv2] [main] o.s.b.w.embedded.tomcat.TomcatWebServer  : Tomcat initialized with port 8080 (http)
2025-10-20T21:51:22.733-04:00  INFO 90238 --- [nobsv2] [main] o.apache.catalina.core.StandardService   : Starting service [Tomcat]
2025-10-20T21:51:22.733-04:00  INFO 90238 --- [nobsv2] [main] o.apache.catalina.core.StandardEngine    : Starting Servlet engine: [Apache Tomcat/10.1.34]
2025-10-20T21:51:22.756-04:00  INFO 90238 --- [nobsv2] [main] o.a.c.c.C.[Tomcat].[localhost].[/]       : Initializing Spring embedded WebApplicationContext
2025-10-20T21:51:22.756-04:00  INFO 90238 --- [nobsv2] [main] w.s.c.ServletWebServerApplicationContext : Root WebApplicationContext: initialization completed in 642 ms
2025-10-20T21:51:22.823-04:00  INFO 90238 --- [nobsv2] [main] o.hibernate.jpa.internal.util.LogHelper  : HHH000204: Processing PersistenceUnitInfo [name: default]
2025-10-20T21:51:22.851-04:00  INFO 90238 --- [nobsv2] [main] org.hibernate.Version                    : HHH000412: Hibernate ORM core version 6.6.5.Final
2025-10-20T21:51:22.865-04:00  INFO 90238 --- [nobsv2] [main] o.h.c.internal.RegionFactoryInitiator    : HHH000026: Second-level cache disabled
2025-10-20T21:51:22.982-04:00  INFO 90238 --- [nobsv2] [main] o.s.o.j.p.SpringPersistenceUnitInfo      : No LoadTimeWeaver setup: ignoring JPA class transformer
2025-10-20T21:51:22.999-04:00  INFO 90238 --- [nobsv2] [main] com.zaxxer.hikari.HikariDataSource       : HikariPool-1 - Starting...
2025-10-20T21:51:23.229-04:00  INFO 90238 --- [nobsv2] [main] com.zaxxer.hikari.pool.HikariPool        : HikariPool-1 - Added connection com.mysql.cj.jdbc.ConnectionImpl@1859e55c
2025-10-20T21:51:23.231-04:00  INFO 90238 --- [nobsv2] [main] com.zaxxer.hikari.HikariDataSource       : HikariPool-1 - Start completed.
2025-10-20T21:51:23.294-04:00  INFO 90238 --- [nobsv2] [main] org.hibernate.orm.connections.pooling    : HHH10001005: Database info:
	Database JDBC URL [Connecting through datasource 'HikariDataSource (HikariPool-1)']
	Database driver: undefined/unknown
	Database version: 8.4.4
	Autocommit mode: undefined/unknown
	Isolation level: undefined/unknown
	Minimum pool size: undefined/unknown
	Maximum pool size: undefined/unknown
2025-10-20T21:51:23.676-04:00  INFO 90238 --- [nobsv2] [main] o.h.e.t.j.p.i.JtaPlatformInitiator       : HHH000489: No JTA platform available (set 'hibernate.transaction.jta.platform' to enable JTA platform integration)
2025-10-20T21:51:23.733-04:00  INFO 90238 --- [nobsv2] [main] j.LocalContainerEntityManagerFactoryBean : Initialized JPA EntityManagerFactory for persistence unit 'default'
2025-10-20T21:51:23.935-04:00  INFO 90238 --- [nobsv2] [main] o.s.d.j.r.query.QueryEnhancerFactory     : Hibernate is in classpath; If applicable, HQL parser will be used.
2025-10-20T21:51:24.201-04:00  INFO 90238 --- [nobsv2] [main] r$InitializeUserDetailsManagerConfigurer : Global AuthenticationManager configured with UserDetailsService bean with name customUserDetailService
2025-10-20T21:51:24.417-04:00  WARN 90238 --- [nobsv2] [main] thorizationManagerRequestMatcherRegistry : One of the patterns in [/auth/login, /auth/refresh, /health, createnewuser] is missing a leading slash. This is discouraged; please include the leading slash in all your request matcher patterns. In future versions of Spring Security, leaving out the leading slash will result in an exception.
2025-10-20T21:51:24.653-04:00  INFO 90238 --- [nobsv2] [main] o.s.b.w.embedded.tomcat.TomcatWebServer  : Tomcat started on port 8080 (http) with context path '/'
2025-10-20T21:51:24.658-04:00  INFO 90238 --- [nobsv2] [main] com.example.nobsv2.Nobsv2Application     : Started Nobsv2Application in 2.728 seconds (process running for 3.183)
2025-10-20T21:52:02.634-04:00  INFO 90238 --- [nobsv2] [http-nio-8080-exec-1] o.a.c.c.C.[Tomcat].[localhost].[/]       : Initializing Spring DispatcherServlet 'dispatcherServlet'
2025-10-20T21:52:02.635-04:00  INFO 90238 --- [nobsv2] [http-nio-8080-exec-1] o.s.web.servlet.DispatcherServlet        : Initializing Servlet 'dispatcherServlet'
2025-10-20T21:52:02.637-04:00  INFO 90238 --- [nobsv2] [http-nio-8080-exec-1] o.s.web.servlet.DispatcherServlet        : Completed initialization in 2 ms
2025-10-20T21:53:07.871-04:00  INFO 90238 --- [nobsv2] [SpringApplicationShutdownHook] o.s.b.w.e.tomcat.GracefulShutdown        : Commencing graceful shutdown. Waiting for active requests to complete
2025-10-20T21:53:09.892-04:00  INFO 90238 --- [nobsv2] [tomcat-shutdown] o.s.b.w.e.tomcat.GracefulShutdown        : Graceful shutdown complete
2025-10-20T21:53:09.939-04:00  INFO 90238 --- [nobsv2] [SpringApplicationShutdownHook] j.LocalContainerEntityManagerFactoryBean : Closing JPA EntityManagerFactory for persistence unit 'default'
2025-10-20T21:53:09.947-04:00  INFO 90238 --- [nobsv2] [SpringApplicationShutdownHook] com.zaxxer.hikari.HikariDataSource       : HikariPool-1 - Shutdown initiated...
2025-10-20T21:53:09.988-04:00  INFO 90238 --- [nobsv2] [SpringApplicationShutdownHook] com.zaxxer.hikari.HikariDataSource       : HikariPool-1 - Shutdown completed.
